<?xml version="1.0" encoding="UTF-8"?>
<testsuite name="com.thoughtworks.library.LibraryTest" tests="6" skipped="0" failures="0" errors="0" timestamp="2015-06-09T14:17:54" hostname="Eugene-HP" time="0.799">
  <properties/>
  <testcase name="shouldDisplayFormattedTime" classname="com.thoughtworks.library.LibraryTest" time="0.78"/>
  <testcase name="shouldPrintNothingWhenThereAreNoBooks" classname="com.thoughtworks.library.LibraryTest" time="0.001"/>
  <testcase name="shouldWelcomeUser" classname="com.thoughtworks.library.LibraryTest" time="0.001"/>
  <testcase name="shouldDisplayFormattedTimeWhenItIsAnEmptyString" classname="com.thoughtworks.library.LibraryTest" time="0.002"/>
  <testcase name="shouldPrintBookTitleWhenThereIsOneBook" classname="com.thoughtworks.library.LibraryTest" time="0.006"/>
  <testcase name="shouldPrintBothBookTitlesWhenThereAreTwoBooks" classname="com.thoughtworks.library.LibraryTest" time="0.002"/>
  <system-out><![CDATA[]]></system-out>
  <system-err><![CDATA[]]></system-err>
</testsuite>
